<?xml version="1.0" encoding="UTF-8"?>
<testng-results ignored="0" total="3" passed="3" failed="0" skipped="0">
  <reporter-output>
  </reporter-output>
  <suite started-at="2022-01-28T02:19:13Z" name="Default suite" finished-at="2022-01-28T02:19:25Z" duration-ms="12333">
    <groups>
    </groups>
    <test started-at="2022-01-28T02:19:13Z" name="Default test" finished-at="2022-01-28T02:19:25Z" duration-ms="12333">
      <class name="ExtentReports.ExtentReportsExample1">
        <test-method signature="extent()[pri:0, instance:ExtentReports.ExtentReportsExample1@6dee4f1b]" started-at="2022-01-28T02:19:13Z" name="extent" finished-at="2022-01-28T02:19:14Z" duration-ms="1569" status="PASS">
          <reporter-output>
          </reporter-output>
        </test-method> <!-- extent -->
        <test-method signature="launch()[pri:0, instance:ExtentReports.ExtentReportsExample1@6dee4f1b]" started-at="2022-01-28T02:19:14Z" name="launch" finished-at="2022-01-28T02:19:25Z" duration-ms="10306" status="PASS">
          <reporter-output>
          </reporter-output>
        </test-method> <!-- launch -->
        <test-method signature="method1()[pri:0, instance:ExtentReports.ExtentReportsExample1@6dee4f1b]" started-at="2022-01-28T02:19:25Z" name="method1" finished-at="2022-01-28T02:19:25Z" duration-ms="223" status="PASS">
          <reporter-output>
          </reporter-output>
        </test-method> <!-- method1 -->
        <test-method is-config="true" signature="closeBrowser()[pri:0, instance:ExtentReports.ExtentReportsExample1@6dee4f1b]" started-at="2022-01-28T02:19:25Z" name="closeBrowser" finished-at="2022-01-28T02:19:25Z" duration-ms="175" status="PASS">
          <reporter-output>
          </reporter-output>
        </test-method> <!-- closeBrowser -->
      </class> <!-- ExtentReports.ExtentReportsExample1 -->
    </test> <!-- Default test -->
  </suite> <!-- Default suite -->
</testng-results>
