<?xml version="1.0" encoding="UTF-8"?>
<!-- Generated by org.testng.reporters.JUnitXMLReporter -->
<testsuite ignored="1" hostname="LAPTOP-3BL16AQ1" failures="2" tests="2" name="Test" time="0.123" errors="0" timestamp="2022-04-16T07:01:46 IST">
  <testcase classname="Sample.TestNgGroups" name="enterUsername" time="0.03">
    <failure type="java.lang.NullPointerException" message="Cannot invoke &amp;quot;org.openqa.selenium.WebDriver.findElement(org.openqa.selenium.By)&amp;quot; because &amp;quot;this.driver&amp;quot; is null">
      <![CDATA[java.lang.NullPointerException: Cannot invoke "org.openqa.selenium.WebDriver.findElement(org.openqa.selenium.By)" because "this.driver" is null
at Sample.TestNgGroups.enterUsername(TestNgGroups.java:25)
at java.base/java.util.ArrayList.forEach(ArrayList.java:1511)
... Removed 27 stack frames]]>
    </failure>
  </testcase> <!-- enterUsername -->
  <testcase classname="Sample.TestNgGroups" name="enterpassword" time="0.005">
    <failure type="java.lang.NullPointerException" message="Cannot invoke &amp;quot;org.openqa.selenium.WebDriver.findElement(org.openqa.selenium.By)&amp;quot; because &amp;quot;this.driver&amp;quot; is null">
      <![CDATA[java.lang.NullPointerException: Cannot invoke "org.openqa.selenium.WebDriver.findElement(org.openqa.selenium.By)" because "this.driver" is null
at Sample.TestNgGroups.enterpassword(TestNgGroups.java:32)
at java.base/java.util.ArrayList.forEach(ArrayList.java:1511)
... Removed 27 stack frames]]>
    </failure>
  </testcase> <!-- enterpassword -->
  <testcase classname="Sample.TestNgGroups" name="clickLogin" time="0.0">
    <ignored/>
  </testcase> <!-- clickLogin -->
</testsuite> <!-- Test -->
